#
# There is insufficient memory for the Java Runtime Environment to continue.
# Native memory allocation (mmap) failed to map 268435456 bytes. Error detail: G1 virtual space
# Possible reasons:
#   The system is out of physical RAM or swap space
#   This process is running with CompressedOops enabled, and the Java Heap may be blocking the growth of the native heap
# Possible solutions:
#   Reduce memory load on the system
#   Increase physical memory or swap space
#   Check if swap backing store is full
#   Decrease Java heap size (-Xmx/-Xms)
#   Decrease number of Java threads
#   Decrease Java thread stack sizes (-Xss)
#   Set larger code cache with -XX:ReservedCodeCacheSize=
#   JVM is running with Unscaled Compressed Oops mode in which the Java heap is
#     placed in the first 4GB address space. The Java Heap base address is the
#     maximum limit for the native heap growth. Please use -XX:HeapBaseMinAddress
#     to set the Java Heap base and to place the Java Heap above 4GB virtual address.
# This output file may be truncated or incomplete.
#
#  Out of Memory Error (os_windows.cpp:3618), pid=26884, tid=21400
#
# JRE version:  (17.0.17+10) (build )
# Java VM: OpenJDK 64-Bit Server VM (17.0.17+10, mixed mode, sharing, tiered, compressed oops, compressed class ptrs, g1 gc, windows-amd64)
# No core dump will be written. Minidumps are not enabled by default on client versions of Windows
#

---------------  S U M M A R Y ------------

Command Line: --enable-native-access=ALL-UNNAMED -Xms256m -Xmx1024m -XX:MaxMetaspaceSize=512m -Dclassworlds.conf=C:\tools\maven\apache-maven-3.9.11-bin\apache-maven-3.9.11\bin\m2.conf -Dmaven.home=C:\tools\maven\apache-maven-3.9.11-bin\apache-maven-3.9.11 -Dlibrary.jansi.path=C:\tools\maven\apache-maven-3.9.11-bin\apache-maven-3.9.11\lib\jansi-native -Dmaven.multiModuleProjectDirectory=C:\Proyectos\franquicias-api org.codehaus.plexus.classworlds.launcher.Launcher clean test

Host: Intel(R) Core(TM) i5-8300H CPU @ 2.30GHz, 8 cores, 7G,  Windows 11 , 64 bit Build 26100 (10.0.26100.7309)
Time: Tue Dec 16 13:49:42 2025 Hora est. Pacífico, Sudamérica elapsed time: 0.303993 seconds (0d 0h 0m 0s)

---------------  T H R E A D  ---------------

Current thread (0x00000266f7f0ce60):  JavaThread "Unknown thread" [_thread_in_vm, id=21400, stack(0x0000008576a00000,0x0000008576b00000)]

Stack: [0x0000008576a00000,0x0000008576b00000]
Native frames: (J=compiled Java code, j=interpreted, Vv=VM code, C=native code)
V  [jvm.dll+0x683fb9]
V  [jvm.dll+0x83a1b5]
V  [jvm.dll+0x83bc2e]
V  [jvm.dll+0x83c2b3]
V  [jvm.dll+0x248eff]
V  [jvm.dll+0x680d79]
V  [jvm.dll+0x675b7a]
V  [jvm.dll+0x3091a7]
V  [jvm.dll+0x310776]
V  [jvm.dll+0x360bbe]
V  [jvm.dll+0x360dfd]
V  [jvm.dll+0x2e022c]
V  [jvm.dll+0x2e1138]
V  [jvm.dll+0x80c6cb]
V  [jvm.dll+0x36e841]
V  [jvm.dll+0x7eb2a5]
V  [jvm.dll+0x3f444b]
V  [jvm.dll+0x3f5f31]
C  [jli.dll+0x52d0]
C  [ucrtbase.dll+0x37b0]
C  [KERNEL32.DLL+0x2e8d7]
C  [ntdll.dll+0x8c53c]


---------------  P R O C E S S  ---------------

Threads class SMR info:
_java_thread_list=0x00007ffc01107f58, length=0, elements={
}

Java Threads: ( => current thread )

Other Threads:
  0x00000266f7f4c4a0 GCTaskThread "GC Thread#0" [stack: 0x0000008576b00000,0x0000008576c00000] [id=28888]
  0x00000266f7f55fd0 ConcurrentGCThread "G1 Main Marker" [stack: 0x0000008576c00000,0x0000008576d00000] [id=32676]
  0x00000266f7f56900 ConcurrentGCThread "G1 Conc#0" [stack: 0x0000008576d00000,0x0000008576e00000] [id=25828]

[error occurred during error reporting (printing all threads), id 0xc0000005, EXCEPTION_ACCESS_VIOLATION (0xc0000005) at pc=0x00007ffc008c0d57]

VM state: not at safepoint (not fully initialized)

VM Mutex/Monitor currently owned by a thread:  ([mutex/lock_event])
[0x00000266f7abced0] Heap_lock - owner thread: 0x00000266f7f0ce60

Heap address: 0x00000000c0000000, size: 1024 MB, Compressed Oops mode: 32-bit

CDS archive(s) mapped at: [0x0000000000000000-0x0000000000000000-0x0000000000000000), size 0, SharedBaseAddress: 0x0000000800000000, ArchiveRelocationMode: 1.
Narrow klass base: 0x0000000000000000, Narrow klass shift: 0, Narrow klass range: 0x0

GC Precious Log:
<Empty>

Heap:
 garbage-first heap   total 0K, used 0K [0x00000000c0000000, 0x0000000100000000)
  region size 1024K, 0 young (0K), 0 survivors (0K)

[error occurred during error reporting (printing heap information), id 0xc0000005, EXCEPTION_ACCESS_VIOLATION (0xc0000005) at pc=0x00007ffc00cad5c9]

GC Heap History (0 events):
No events

Dll operation events (1 events):
Event: 0.015 Loaded shared library C:\Program Files\Eclipse Adoptium\jdk-17.0.17.10-hotspot\bin\java.dll

Deoptimization events (0 events):
No events

Classes loaded (0 events):
No events

Classes unloaded (0 events):
No events

Classes redefined (0 events):
No events

Internal exceptions (0 events):
No events

VM Operations (0 events):
No events

Memory protections (0 events):
No events

Nmethod flushes (0 events):
No events

Events (0 events):
No events


Dynamic libraries:
0x00007ff777ca0000 - 0x00007ff777cae000 	C:\Program Files\Eclipse Adoptium\jdk-17.0.17.10-hotspot\bin\java.exe
0x00007ffcceea0000 - 0x00007ffccf107000 	C:\WINDOWS\SYSTEM32\ntdll.dll
0x00007ffccd230000 - 0x00007ffccd2f9000 	C:\WINDOWS\System32\KERNEL32.DLL
0x00007ffccbff0000 - 0x00007ffccc3df000 	C:\WINDOWS\System32\KERNELBASE.dll
0x00007ffccc640000 - 0x00007ffccc78b000 	C:\WINDOWS\System32\ucrtbase.dll
0x00007ffc9fb90000 - 0x00007ffc9fba8000 	C:\Program Files\Eclipse Adoptium\jdk-17.0.17.10-hotspot\bin\jli.dll
0x00007ffc9ffa0000 - 0x00007ffc9ffbe000 	C:\Program Files\Eclipse Adoptium\jdk-17.0.17.10-hotspot\bin\VCRUNTIME140.dll
0x00007ffcce960000 - 0x00007ffcceb25000 	C:\WINDOWS\System32\USER32.dll
0x00007ffccc560000 - 0x00007ffccc587000 	C:\WINDOWS\System32\win32u.dll
0x00007ffccdd80000 - 0x00007ffccddab000 	C:\WINDOWS\System32\GDI32.dll
0x00007ffcb64c0000 - 0x00007ffcb6753000 	C:\WINDOWS\WinSxS\amd64_microsoft.windows.common-controls_6595b64144ccf1df_6.0.26100.7309_none_3e05feeae336a044\COMCTL32.dll
0x00007ffccc8e0000 - 0x00007ffccca0c000 	C:\WINDOWS\System32\gdi32full.dll
0x00007ffccc590000 - 0x00007ffccc633000 	C:\WINDOWS\System32\msvcp_win.dll
0x00007ffccecb0000 - 0x00007ffcced59000 	C:\WINDOWS\System32\msvcrt.dll
0x00007ffccd6a0000 - 0x00007ffccd6d1000 	C:\WINDOWS\System32\IMM32.DLL
0x00007ffcae8f0000 - 0x00007ffcae8fc000 	C:\Program Files\Eclipse Adoptium\jdk-17.0.17.10-hotspot\bin\vcruntime140_1.dll
0x00007ffc8ad10000 - 0x00007ffc8ad9d000 	C:\Program Files\Eclipse Adoptium\jdk-17.0.17.10-hotspot\bin\msvcp140.dll
0x00007ffc005d0000 - 0x00007ffc0123b000 	C:\Program Files\Eclipse Adoptium\jdk-17.0.17.10-hotspot\bin\server\jvm.dll
0x00007ffcce010000 - 0x00007ffcce0c4000 	C:\WINDOWS\System32\ADVAPI32.dll
0x00007ffcce8b0000 - 0x00007ffcce956000 	C:\WINDOWS\System32\sechost.dll
0x00007ffccdc00000 - 0x00007ffccdd18000 	C:\WINDOWS\System32\RPCRT4.dll
0x00007ffccdb80000 - 0x00007ffccdbf4000 	C:\WINDOWS\System32\WS2_32.dll
0x00007ffccbe50000 - 0x00007ffccbeae000 	C:\WINDOWS\SYSTEM32\POWRPROF.dll
0x00007ffcbf760000 - 0x00007ffcbf76b000 	C:\WINDOWS\SYSTEM32\VERSION.dll
0x00007ffcb8da0000 - 0x00007ffcb8dd5000 	C:\WINDOWS\SYSTEM32\WINMM.dll
0x00007ffccbe30000 - 0x00007ffccbe44000 	C:\WINDOWS\SYSTEM32\UMPDC.dll
0x00007ffccad60000 - 0x00007ffccad7b000 	C:\WINDOWS\SYSTEM32\kernel.appcore.dll
0x00007ffcad8b0000 - 0x00007ffcad8ba000 	C:\Program Files\Eclipse Adoptium\jdk-17.0.17.10-hotspot\bin\jimage.dll
0x00007ffcb7350000 - 0x00007ffcb7592000 	C:\WINDOWS\SYSTEM32\DBGHELP.DLL
0x00007ffccd310000 - 0x00007ffccd695000 	C:\WINDOWS\System32\combase.dll
0x00007ffccda10000 - 0x00007ffccdae6000 	C:\WINDOWS\System32\OLEAUT32.dll
0x00007ffcb4940000 - 0x00007ffcb497c000 	C:\WINDOWS\SYSTEM32\dbgcore.DLL
0x00007ffcccb90000 - 0x00007ffcccc35000 	C:\WINDOWS\System32\bcryptPrimitives.dll
0x00007ffc9fac0000 - 0x00007ffc9fae5000 	C:\Program Files\Eclipse Adoptium\jdk-17.0.17.10-hotspot\bin\java.dll

dbghelp: loaded successfully - version: 4.0.5 - missing functions: none
symbol engine: initialized successfully - sym options: 0x614 - pdb path: .;C:\Program Files\Eclipse Adoptium\jdk-17.0.17.10-hotspot\bin;C:\WINDOWS\SYSTEM32;C:\WINDOWS\WinSxS\amd64_microsoft.windows.common-controls_6595b64144ccf1df_6.0.26100.7309_none_3e05feeae336a044;C:\Program Files\Eclipse Adoptium\jdk-17.0.17.10-hotspot\bin\server

VM Arguments:
jvm_args: --enable-native-access=ALL-UNNAMED -Xms256m -Xmx1024m -XX:MaxMetaspaceSize=512m -Dclassworlds.conf=C:\tools\maven\apache-maven-3.9.11-bin\apache-maven-3.9.11\bin\m2.conf -Dmaven.home=C:\tools\maven\apache-maven-3.9.11-bin\apache-maven-3.9.11 -Dlibrary.jansi.path=C:\tools\maven\apache-maven-3.9.11-bin\apache-maven-3.9.11\lib\jansi-native -Dmaven.multiModuleProjectDirectory=C:\Proyectos\franquicias-api 
java_command: org.codehaus.plexus.classworlds.launcher.Launcher clean test
java_class_path (initial): C:\tools\maven\apache-maven-3.9.11-bin\apache-maven-3.9.11\boot\plexus-classworlds-2.9.0.jar
Launcher Type: SUN_STANDARD

[Global flags]
     intx CICompilerCount                          = 4                                         {product} {ergonomic}
   size_t CompressedClassSpaceSize                 = 436207616                                 {product} {ergonomic}
     uint ConcGCThreads                            = 2                                         {product} {ergonomic}
     uint G1ConcRefinementThreads                  = 8                                         {product} {ergonomic}
   size_t G1HeapRegionSize                         = 1048576                                   {product} {ergonomic}
    uintx GCDrainStackTargetSize                   = 64                                        {product} {ergonomic}
   size_t InitialHeapSize                          = 268435456                                 {product} {command line}
   size_t MarkStackSize                            = 4194304                                   {product} {ergonomic}
   size_t MaxHeapSize                              = 1073741824                                {product} {command line}
   size_t MaxMetaspaceSize                         = 536870912                                 {product} {command line}
   size_t MinHeapDeltaBytes                        = 1048576                                   {product} {ergonomic}
   size_t MinHeapSize                              = 268435456                                 {product} {command line}
    uintx NonNMethodCodeHeapSize                   = 5839372                                {pd product} {ergonomic}
    uintx NonProfiledCodeHeapSize                  = 122909434                              {pd product} {ergonomic}
    uintx ProfiledCodeHeapSize                     = 122909434                              {pd product} {ergonomic}
    uintx ReservedCodeCacheSize                    = 251658240                              {pd product} {ergonomic}
     bool SegmentedCodeCache                       = true                                      {product} {ergonomic}
   size_t SoftMaxHeapSize                          = 1073741824                             {manageable} {ergonomic}
     bool UseCompressedClassPointers               = true                           {product lp64_product} {ergonomic}
     bool UseCompressedOops                        = true                           {product lp64_product} {ergonomic}
     bool UseG1GC                                  = true                                      {product} {ergonomic}
     bool UseLargePagesIndividualAllocation        = false                                  {pd product} {ergonomic}

Logging:
Log output configuration:
 #0: stdout all=warning uptime,level,tags
 #1: stderr all=off uptime,level,tags

Environment Variables:
PATH=C:\Program Files\PowerShell\7;C:\Program Files\Eclipse Adoptium\jdk-17.0.17.10-hotspot\bin;C:\Program Files (x86)\Intel\Intel(R) Management Engine Components\iCLS\;C:\Program Files\Intel\Intel(R) Management Engine Components\iCLS\;C:\Windows\system32;C:\Windows;C:\Windows\System32\Wbem;C:\Windows\System32\WindowsPowerShell\v1.0\;C:\Windows\System32\OpenSSH\;C:\Program Files (x86)\Intel\Intel(R) Management Engine Components\DAL;C:\Program Files\Intel\Intel(R) Management Engine Components\DAL;C:\Program Files (x86)\Intel\Intel(R) Management Engine Components\IPT;C:\Program Files\Intel\Intel(R) Management Engine Components\IPT;C:\Program Files (x86)\NVIDIA Corporation\PhysX\Common;C:\WINDOWS\system32;C:\WINDOWS;C:\WINDOWS\System32\Wbem;C:\WINDOWS\System32\WindowsPowerShell\v1.0\;C:\WINDOWS\System32\OpenSSH\;C:\Program Files\PuTTY\;C:\Program Files\Microsoft SQL Server\150\Tools\Binn\;C:\Program Files\Microsoft SQL Server\Client SDK\ODBC\170\Tools\Binn\;C:\Program Files\dotnet\;C:\Program Files\Microsoft SQL Server\130\Tools\Binn\;C:\Program Files (x86)\Microsoft SQL Server\150\Tools\Binn\;C:\Program Files\Microsoft SQL Server\150\DTS\Binn\;C:\Program Files\nodejs\;C:\Program Files\nodejs\;C:\Users\Acer\AppData\Local\Programs\Python\Python313\;C:\Program Files\MongoDB\Server\8.0\bin\;C:\Users\Acer\AppData\Local\Packages\PythonSoftwareFoundation.Python.3.11_qbz5n2kfra8p0\LocalCache\local-packages\Python311\Scripts;C:\Users\Acer\AppData\Local\Microsoft\WindowsApps;C:\Users\Acer\AppData\Local\Packages\PythonSoftwareFoundation.Python.3.11_qbz5n2kfra8p0\LocalCache\local-packages\Python311\;C:\Users\Acer\AppData\Local\Packages\PythonSoftwareFoundation.Python.3.11_qbz5n2kfra8p0\LocalCache\local-packages\Python311\Scripts\;C:\Program Files\Git\cmd;C:\ProgramData\ComposerSetup\bin;C:\Program Files\PowerShell\7\;C:\Program Files\PowerShell\7-preview\preview;C:\Program Files\MySQL\MySQL Server 8.4\bin;C:\Users\Acer\AppData\Roaming\npm;C:\tools\maven\apache-maven-3.9.11-bin\apache-maven-3.9.11\bin;C:\tools\terraform_1.14.2_windows_amd64;
USERNAME=Acer
LANG=es_ES.UTF-8
OS=Windows_NT
PROCESSOR_IDENTIFIER=Intel64 Family 6 Model 158 Stepping 10, GenuineIntel
TMP=C:\Users\Acer\AppData\Local\Temp
TEMP=C:\Users\Acer\AppData\Local\Temp



Periodic native trim disabled


---------------  S Y S T E M  ---------------

OS:
 Windows 11 , 64 bit Build 26100 (10.0.26100.7309)
OS uptime: 1 days 3:21 hours
Hyper-V role detected

CPU: total 8 (initial active 8) (4 cores per cpu, 2 threads per core) family 6 model 158 stepping 10 microcode 0xde, cx8, cmov, fxsr, ht, mmx, 3dnowpref, sse, sse2, sse3, ssse3, sse4.1, sse4.2, popcnt, lzcnt, tsc, tscinvbit, avx, avx2, aes, erms, clmul, bmi1, bmi2, adx, fma, vzeroupper, clflush, clflushopt, hv
Processor Information for all 8 processors :
  Max Mhz: 2304, Current Mhz: 2304, Mhz Limit: 2304

Memory: 4k page, system-wide physical 8034M (362M free)
TotalPageFile size 32610M (AvailPageFile size 252M)
current process WorkingSet (physical memory assigned to process): 12M, peak: 12M
current process commit charge ("private bytes"): 60M, peak: 316M

vm_info: OpenJDK 64-Bit Server VM (17.0.17+10) for windows-amd64 JRE (17.0.17+10), built on Oct 21 2025 23:25:32 by "admin" with unknown MS VC++:1942

END.
